AH00558: apache2: Could not reliably determine the server's fully qualified domain name, using 172.19.0.5. Set the 'ServerName' directive globally to suppress this message
[Mon Jul 08 20:33:18.986474 2019] [mpm_prefork:notice] [pid 8] AH00163: Apache/2.4.25 (Debian) PHP/7.1.20 configured -- resuming normal operations
[Mon Jul 08 20:33:18.986945 2019] [core:notice] [pid 8] AH00094: Command line: '/usr/sbin/apache2 -D FOREGROUND'
[Mon Jul 08 20:35:58.900206 2019] [mpm_prefork:notice] [pid 8] AH00171: Graceful restart requested, doing restart
AH00558: apache2: Could not reliably determine the server's fully qualified domain name, using 172.19.0.5. Set the 'ServerName' directive globally to suppress this message
[Mon Jul 08 20:35:58.943899 2019] [mpm_prefork:notice] [pid 8] AH00163: Apache/2.4.25 (Debian) PHP/7.1.20 configured -- resuming normal operations
[Mon Jul 08 20:35:58.944566 2019] [core:notice] [pid 8] AH00094: Command line: '/usr/sbin/apache2 -D FOREGROUND'
[Mon Jul 08 20:40:54.214852 2019] [mpm_prefork:notice] [pid 8] AH00171: Graceful restart requested, doing restart
AH00558: apache2: Could not reliably determine the server's fully qualified domain name, using 172.19.0.5. Set the 'ServerName' directive globally to suppress this message
[Mon Jul 08 20:40:54.260430 2019] [mpm_prefork:notice] [pid 8] AH00163: Apache/2.4.25 (Debian) PHP/7.1.20 configured -- resuming normal operations
[Mon Jul 08 20:40:54.261064 2019] [core:notice] [pid 8] AH00094: Command line: '/usr/sbin/apache2 -D FOREGROUND'
AH00558: apache2: Could not reliably determine the server's fully qualified domain name, using 172.19.0.5. Set the 'ServerName' directive globally to suppress this message
[Mon Jul 08 20:46:29.956427 2019] [mpm_prefork:notice] [pid 8] AH00163: Apache/2.4.25 (Debian) PHP/7.1.20 configured -- resuming normal operations
[Mon Jul 08 20:46:29.957250 2019] [core:notice] [pid 8] AH00094: Command line: '/usr/sbin/apache2 -D FOREGROUND'
AH00558: apache2: Could not reliably determine the server's fully qualified domain name, using 172.21.0.5. Set the 'ServerName' directive globally to suppress this message
[Mon Jul 08 20:57:51.053976 2019] [mpm_prefork:notice] [pid 9] AH00163: Apache/2.4.25 (Debian) PHP/7.1.20 configured -- resuming normal operations
[Mon Jul 08 20:57:51.054602 2019] [core:notice] [pid 9] AH00094: Command line: '/usr/sbin/apache2 -D FOREGROUND'
AH00558: apache2: Could not reliably determine the server's fully qualified domain name, using 172.21.0.4. Set the 'ServerName' directive globally to suppress this message
[Mon Jul 08 21:00:11.785142 2019] [mpm_prefork:notice] [pid 8] AH00163: Apache/2.4.25 (Debian) PHP/7.1.20 configured -- resuming normal operations
[Mon Jul 08 21:00:11.785841 2019] [core:notice] [pid 8] AH00094: Command line: '/usr/sbin/apache2 -D FOREGROUND'
AH00558: apache2: Could not reliably determine the server's fully qualified domain name, using 172.22.0.4. Set the 'ServerName' directive globally to suppress this message
[Mon Jul 08 21:14:31.381766 2019] [mpm_prefork:notice] [pid 7] AH00163: Apache/2.4.25 (Debian) PHP/7.1.20 configured -- resuming normal operations
[Mon Jul 08 21:14:31.382171 2019] [core:notice] [pid 7] AH00094: Command line: '/usr/sbin/apache2 -D FOREGROUND'
AH00558: apache2: Could not reliably determine the server's fully qualified domain name, using 172.22.0.4. Set the 'ServerName' directive globally to suppress this message
[Mon Jul 08 21:32:19.411496 2019] [mpm_prefork:notice] [pid 8] AH00163: Apache/2.4.25 (Debian) PHP/7.1.20 configured -- resuming normal operations
[Mon Jul 08 21:32:19.412216 2019] [core:notice] [pid 8] AH00094: Command line: '/usr/sbin/apache2 -D FOREGROUND'
AH00558: apache2: Could not reliably determine the server's fully qualified domain name, using 172.18.0.4. Set the 'ServerName' directive globally to suppress this message
[Wed Jul 10 22:04:37.513783 2019] [mpm_prefork:notice] [pid 8] AH00163: Apache/2.4.25 (Debian) PHP/7.1.20 configured -- resuming normal operations
[Wed Jul 10 22:04:37.514666 2019] [core:notice] [pid 8] AH00094: Command line: '/usr/sbin/apache2 -D FOREGROUND'
[Wed Jul 10 22:05:20.173106 2019] [autoindex:error] [pid 9] [client 172.18.0.1:41344] AH01276: Cannot serve directory /var/www/: No matching DirectoryIndex (index.php,index.html) found, and server-generated directory index forbidden by Options directive
AH00558: apache2: Could not reliably determine the server's fully qualified domain name, using 172.25.0.5. Set the 'ServerName' directive globally to suppress this message
[Sun Oct 13 10:53:12.506050 2019] [mpm_prefork:notice] [pid 8] AH00163: Apache/2.4.25 (Debian) PHP/7.1.20 configured -- resuming normal operations
[Sun Oct 13 10:53:12.507255 2019] [core:notice] [pid 8] AH00094: Command line: '/usr/sbin/apache2 -D FOREGROUND'
AH00558: apache2: Could not reliably determine the server's fully qualified domain name, using 172.25.0.3. Set the 'ServerName' directive globally to suppress this message
[Sat Oct 19 07:29:23.269659 2019] [mpm_prefork:notice] [pid 7] AH00163: Apache/2.4.25 (Debian) PHP/7.1.20 configured -- resuming normal operations
[Sat Oct 19 07:29:23.270352 2019] [core:notice] [pid 7] AH00094: Command line: '/usr/sbin/apache2 -D FOREGROUND'
AH00558: apache2: Could not reliably determine the server's fully qualified domain name, using 172.25.0.2. Set the 'ServerName' directive globally to suppress this message
[Sat Oct 19 18:05:08.675270 2019] [core:warn] [pid 7] AH00098: pid file /var/run/apache2/apache2.pid overwritten -- Unclean shutdown of previous Apache run?
[Sat Oct 19 18:05:08.678518 2019] [mpm_prefork:notice] [pid 7] AH00163: Apache/2.4.25 (Debian) PHP/7.1.20 configured -- resuming normal operations
[Sat Oct 19 18:05:08.678840 2019] [core:notice] [pid 7] AH00094: Command line: '/usr/sbin/apache2 -D FOREGROUND'
AH00558: apache2: Could not reliably determine the server's fully qualified domain name, using 172.25.0.2. Set the 'ServerName' directive globally to suppress this message
[Sun Oct 20 12:38:09.695768 2019] [core:warn] [pid 7] AH00098: pid file /var/run/apache2/apache2.pid overwritten -- Unclean shutdown of previous Apache run?
[Sun Oct 20 12:38:09.699381 2019] [mpm_prefork:notice] [pid 7] AH00163: Apache/2.4.25 (Debian) PHP/7.1.20 configured -- resuming normal operations
[Sun Oct 20 12:38:09.699686 2019] [core:notice] [pid 7] AH00094: Command line: '/usr/sbin/apache2 -D FOREGROUND'
AH00558: apache2: Could not reliably determine the server's fully qualified domain name, using 172.25.0.3. Set the 'ServerName' directive globally to suppress this message
[Sun Oct 20 15:47:13.933700 2019] [mpm_prefork:notice] [pid 7] AH00163: Apache/2.4.25 (Debian) PHP/7.1.20 configured -- resuming normal operations
[Sun Oct 20 15:47:13.934773 2019] [core:notice] [pid 7] AH00094: Command line: '/usr/sbin/apache2 -D FOREGROUND'
AH00558: apache2: Could not reliably determine the server's fully qualified domain name, using 172.25.0.3. Set the 'ServerName' directive globally to suppress this message
[Mon Oct 21 07:28:24.397167 2019] [core:warn] [pid 8] AH00098: pid file /var/run/apache2/apache2.pid overwritten -- Unclean shutdown of previous Apache run?
[Mon Oct 21 07:28:24.400731 2019] [mpm_prefork:notice] [pid 8] AH00163: Apache/2.4.25 (Debian) PHP/7.1.20 configured -- resuming normal operations
[Mon Oct 21 07:28:24.401143 2019] [core:notice] [pid 8] AH00094: Command line: '/usr/sbin/apache2 -D FOREGROUND'
AH00558: apache2: Could not reliably determine the server's fully qualified domain name, using 172.25.0.2. Set the 'ServerName' directive globally to suppress this message
[Wed Oct 23 18:17:39.235113 2019] [core:warn] [pid 7] AH00098: pid file /var/run/apache2/apache2.pid overwritten -- Unclean shutdown of previous Apache run?
[Wed Oct 23 18:17:39.243444 2019] [mpm_prefork:notice] [pid 7] AH00163: Apache/2.4.25 (Debian) PHP/7.1.20 configured -- resuming normal operations
[Wed Oct 23 18:17:39.243936 2019] [core:notice] [pid 7] AH00094: Command line: '/usr/sbin/apache2 -D FOREGROUND'
AH00558: apache2: Could not reliably determine the server's fully qualified domain name, using 172.25.0.3. Set the 'ServerName' directive globally to suppress this message
[Mon Oct 28 18:59:42.071886 2019] [mpm_prefork:notice] [pid 7] AH00163: Apache/2.4.25 (Debian) PHP/7.1.20 configured -- resuming normal operations
[Mon Oct 28 18:59:42.072646 2019] [core:notice] [pid 7] AH00094: Command line: '/usr/sbin/apache2 -D FOREGROUND'
AH00558: apache2: Could not reliably determine the server's fully qualified domain name, using 172.25.0.3. Set the 'ServerName' directive globally to suppress this message
[Sat Nov 02 09:52:19.863862 2019] [mpm_prefork:notice] [pid 8] AH00163: Apache/2.4.25 (Debian) PHP/7.1.20 configured -- resuming normal operations
[Sat Nov 02 09:52:19.864907 2019] [core:notice] [pid 8] AH00094: Command line: '/usr/sbin/apache2 -D FOREGROUND'
AH00558: apache2: Could not reliably determine the server's fully qualified domain name, using 172.25.0.2. Set the 'ServerName' directive globally to suppress this message
[Sat Nov 02 12:58:12.191614 2019] [mpm_prefork:notice] [pid 7] AH00163: Apache/2.4.25 (Debian) PHP/7.1.20 configured -- resuming normal operations
[Sat Nov 02 12:58:12.192972 2019] [core:notice] [pid 7] AH00094: Command line: '/usr/sbin/apache2 -D FOREGROUND'
AH00558: apache2: Could not reliably determine the server's fully qualified domain name, using 172.25.0.2. Set the 'ServerName' directive globally to suppress this message
[Sat Nov 02 13:48:30.269165 2019] [mpm_prefork:notice] [pid 7] AH00163: Apache/2.4.25 (Debian) PHP/7.1.20 configured -- resuming normal operations
[Sat Nov 02 13:48:30.270019 2019] [core:notice] [pid 7] AH00094: Command line: '/usr/sbin/apache2 -D FOREGROUND'
AH00558: apache2: Could not reliably determine the server's fully qualified domain name, using 172.25.0.3. Set the 'ServerName' directive globally to suppress this message
[Fri Nov 08 21:18:14.613327 2019] [core:warn] [pid 7] AH00098: pid file /var/run/apache2/apache2.pid overwritten -- Unclean shutdown of previous Apache run?
[Fri Nov 08 21:18:14.618454 2019] [mpm_prefork:notice] [pid 7] AH00163: Apache/2.4.25 (Debian) PHP/7.1.20 configured -- resuming normal operations
[Fri Nov 08 21:18:14.619352 2019] [core:notice] [pid 7] AH00094: Command line: '/usr/sbin/apache2 -D FOREGROUND'
AH00558: apache2: Could not reliably determine the server's fully qualified domain name, using 172.25.0.2. Set the 'ServerName' directive globally to suppress this message
[Sat Nov 09 14:10:08.403650 2019] [core:warn] [pid 7] AH00098: pid file /var/run/apache2/apache2.pid overwritten -- Unclean shutdown of previous Apache run?
[Sat Nov 09 14:10:08.408844 2019] [mpm_prefork:notice] [pid 7] AH00163: Apache/2.4.25 (Debian) PHP/7.1.20 configured -- resuming normal operations
[Sat Nov 09 14:10:08.409406 2019] [core:notice] [pid 7] AH00094: Command line: '/usr/sbin/apache2 -D FOREGROUND'
AH00558: apache2: Could not reliably determine the server's fully qualified domain name, using 172.25.0.3. Set the 'ServerName' directive globally to suppress this message
[Mon Nov 11 19:25:15.041134 2019] [mpm_prefork:notice] [pid 7] AH00163: Apache/2.4.25 (Debian) PHP/7.1.20 configured -- resuming normal operations
[Mon Nov 11 19:25:15.042021 2019] [core:notice] [pid 7] AH00094: Command line: '/usr/sbin/apache2 -D FOREGROUND'
AH00558: apache2: Could not reliably determine the server's fully qualified domain name, using 172.25.0.2. Set the 'ServerName' directive globally to suppress this message
[Tue Nov 12 09:41:36.196180 2019] [mpm_prefork:notice] [pid 7] AH00163: Apache/2.4.25 (Debian) PHP/7.1.20 configured -- resuming normal operations
[Tue Nov 12 09:41:36.197032 2019] [core:notice] [pid 7] AH00094: Command line: '/usr/sbin/apache2 -D FOREGROUND'
AH00558: apache2: Could not reliably determine the server's fully qualified domain name, using 172.25.0.3. Set the 'ServerName' directive globally to suppress this message
[Tue Nov 12 12:06:31.431008 2019] [core:warn] [pid 7] AH00098: pid file /var/run/apache2/apache2.pid overwritten -- Unclean shutdown of previous Apache run?
[Tue Nov 12 12:06:31.434815 2019] [mpm_prefork:notice] [pid 7] AH00163: Apache/2.4.25 (Debian) PHP/7.1.20 configured -- resuming normal operations
[Tue Nov 12 12:06:31.435444 2019] [core:notice] [pid 7] AH00094: Command line: '/usr/sbin/apache2 -D FOREGROUND'
AH00558: apache2: Could not reliably determine the server's fully qualified domain name, using 172.25.0.2. Set the 'ServerName' directive globally to suppress this message
[Mon Nov 25 08:54:41.489161 2019] [mpm_prefork:notice] [pid 7] AH00163: Apache/2.4.25 (Debian) PHP/7.1.20 configured -- resuming normal operations
[Mon Nov 25 08:54:41.490030 2019] [core:notice] [pid 7] AH00094: Command line: '/usr/sbin/apache2 -D FOREGROUND'
AH00558: apache2: Could not reliably determine the server's fully qualified domain name, using 172.25.0.2. Set the 'ServerName' directive globally to suppress this message
[Tue Nov 26 11:57:17.149140 2019] [mpm_prefork:notice] [pid 8] AH00163: Apache/2.4.25 (Debian) PHP/7.1.20 configured -- resuming normal operations
[Tue Nov 26 11:57:17.150349 2019] [core:notice] [pid 8] AH00094: Command line: '/usr/sbin/apache2 -D FOREGROUND'
AH00558: apache2: Could not reliably determine the server's fully qualified domain name, using 172.25.0.3. Set the 'ServerName' directive globally to suppress this message
[Tue Nov 26 13:21:09.688294 2019] [mpm_prefork:notice] [pid 7] AH00163: Apache/2.4.25 (Debian) PHP/7.1.20 configured -- resuming normal operations
[Tue Nov 26 13:21:09.688882 2019] [core:notice] [pid 7] AH00094: Command line: '/usr/sbin/apache2 -D FOREGROUND'
AH00558: apache2: Could not reliably determine the server's fully qualified domain name, using 172.18.0.4. Set the 'ServerName' directive globally to suppress this message
[Wed Nov 27 10:31:09.056761 2019] [mpm_prefork:notice] [pid 7] AH00163: Apache/2.4.25 (Debian) PHP/7.1.20 configured -- resuming normal operations
[Wed Nov 27 10:31:09.057095 2019] [core:notice] [pid 7] AH00094: Command line: '/usr/sbin/apache2 -D FOREGROUND'
AH00558: apache2: Could not reliably determine the server's fully qualified domain name, using 172.18.0.3. Set the 'ServerName' directive globally to suppress this message
[Thu Nov 28 07:43:40.691249 2019] [mpm_prefork:notice] [pid 8] AH00163: Apache/2.4.25 (Debian) PHP/7.1.20 configured -- resuming normal operations
[Thu Nov 28 07:43:40.692300 2019] [core:notice] [pid 8] AH00094: Command line: '/usr/sbin/apache2 -D FOREGROUND'
AH00558: apache2: Could not reliably determine the server's fully qualified domain name, using 172.18.0.2. Set the 'ServerName' directive globally to suppress this message
[Fri Nov 29 10:06:24.492569 2019] [mpm_prefork:notice] [pid 8] AH00163: Apache/2.4.25 (Debian) PHP/7.1.20 configured -- resuming normal operations
[Fri Nov 29 10:06:24.493733 2019] [core:notice] [pid 8] AH00094: Command line: '/usr/sbin/apache2 -D FOREGROUND'
AH00558: apache2: Could not reliably determine the server's fully qualified domain name, using 172.18.0.3. Set the 'ServerName' directive globally to suppress this message
[Sat Nov 30 17:16:23.796462 2019] [mpm_prefork:notice] [pid 7] AH00163: Apache/2.4.25 (Debian) PHP/7.1.20 configured -- resuming normal operations
[Sat Nov 30 17:16:23.797503 2019] [core:notice] [pid 7] AH00094: Command line: '/usr/sbin/apache2 -D FOREGROUND'
AH00558: apache2: Could not reliably determine the server's fully qualified domain name, using 172.18.0.3. Set the 'ServerName' directive globally to suppress this message
[Sat Nov 30 17:37:16.722577 2019] [mpm_prefork:notice] [pid 8] AH00163: Apache/2.4.25 (Debian) PHP/7.1.20 configured -- resuming normal operations
[Sat Nov 30 17:37:16.723681 2019] [core:notice] [pid 8] AH00094: Command line: '/usr/sbin/apache2 -D FOREGROUND'
AH00558: apache2: Could not reliably determine the server's fully qualified domain name, using 172.18.0.2. Set the 'ServerName' directive globally to suppress this message
[Mon Dec 02 10:04:30.394166 2019] [mpm_prefork:notice] [pid 8] AH00163: Apache/2.4.25 (Debian) PHP/7.1.20 configured -- resuming normal operations
[Mon Dec 02 10:04:30.396551 2019] [core:notice] [pid 8] AH00094: Command line: '/usr/sbin/apache2 -D FOREGROUND'
AH00558: apache2: Could not reliably determine the server's fully qualified domain name, using 172.18.0.3. Set the 'ServerName' directive globally to suppress this message
[Tue Dec 03 15:38:09.082617 2019] [mpm_prefork:notice] [pid 7] AH00163: Apache/2.4.25 (Debian) PHP/7.1.20 configured -- resuming normal operations
[Tue Dec 03 15:38:09.083753 2019] [core:notice] [pid 7] AH00094: Command line: '/usr/sbin/apache2 -D FOREGROUND'
AH00558: apache2: Could not reliably determine the server's fully qualified domain name, using 172.18.0.2. Set the 'ServerName' directive globally to suppress this message
[Thu Dec 05 08:38:07.474946 2019] [mpm_prefork:notice] [pid 7] AH00163: Apache/2.4.25 (Debian) PHP/7.1.20 configured -- resuming normal operations
[Thu Dec 05 08:38:07.476112 2019] [core:notice] [pid 7] AH00094: Command line: '/usr/sbin/apache2 -D FOREGROUND'
AH00558: apache2: Could not reliably determine the server's fully qualified domain name, using 172.18.0.2. Set the 'ServerName' directive globally to suppress this message
[Thu Dec 05 17:50:03.433059 2019] [mpm_prefork:notice] [pid 7] AH00163: Apache/2.4.25 (Debian) PHP/7.1.20 configured -- resuming normal operations
[Thu Dec 05 17:50:03.434322 2019] [core:notice] [pid 7] AH00094: Command line: '/usr/sbin/apache2 -D FOREGROUND'
AH00558: apache2: Could not reliably determine the server's fully qualified domain name, using 172.18.0.2. Set the 'ServerName' directive globally to suppress this message
[Fri Dec 06 12:59:53.523784 2019] [mpm_prefork:notice] [pid 8] AH00163: Apache/2.4.25 (Debian) PHP/7.1.20 configured -- resuming normal operations
[Fri Dec 06 12:59:53.524723 2019] [core:notice] [pid 8] AH00094: Command line: '/usr/sbin/apache2 -D FOREGROUND'
AH00558: apache2: Could not reliably determine the server's fully qualified domain name, using 172.18.0.3. Set the 'ServerName' directive globally to suppress this message
[Sat Dec 07 15:42:09.639669 2019] [mpm_prefork:notice] [pid 8] AH00163: Apache/2.4.25 (Debian) PHP/7.1.20 configured -- resuming normal operations
[Sat Dec 07 15:42:09.640685 2019] [core:notice] [pid 8] AH00094: Command line: '/usr/sbin/apache2 -D FOREGROUND'
AH00558: apache2: Could not reliably determine the server's fully qualified domain name, using 172.18.0.3. Set the 'ServerName' directive globally to suppress this message
[Mon Dec 09 08:24:29.791248 2019] [core:warn] [pid 8] AH00098: pid file /var/run/apache2/apache2.pid overwritten -- Unclean shutdown of previous Apache run?
[Mon Dec 09 08:24:29.796089 2019] [mpm_prefork:notice] [pid 8] AH00163: Apache/2.4.25 (Debian) PHP/7.1.20 configured -- resuming normal operations
[Mon Dec 09 08:24:29.796776 2019] [core:notice] [pid 8] AH00094: Command line: '/usr/sbin/apache2 -D FOREGROUND'
AH00558: apache2: Could not reliably determine the server's fully qualified domain name, using 172.18.0.3. Set the 'ServerName' directive globally to suppress this message
[Tue Dec 10 17:26:06.269210 2019] [mpm_prefork:notice] [pid 7] AH00163: Apache/2.4.25 (Debian) PHP/7.1.20 configured -- resuming normal operations
[Tue Dec 10 17:26:06.270358 2019] [core:notice] [pid 7] AH00094: Command line: '/usr/sbin/apache2 -D FOREGROUND'
AH00558: apache2: Could not reliably determine the server's fully qualified domain name, using 172.18.0.3. Set the 'ServerName' directive globally to suppress this message
[Tue Dec 10 19:01:19.006806 2019] [mpm_prefork:notice] [pid 7] AH00163: Apache/2.4.25 (Debian) PHP/7.1.20 configured -- resuming normal operations
[Tue Dec 10 19:01:19.016786 2019] [core:notice] [pid 7] AH00094: Command line: '/usr/sbin/apache2 -D FOREGROUND'
AH00558: apache2: Could not reliably determine the server's fully qualified domain name, using 172.18.0.3. Set the 'ServerName' directive globally to suppress this message
[Wed Dec 11 08:29:41.678274 2019] [mpm_prefork:notice] [pid 8] AH00163: Apache/2.4.25 (Debian) PHP/7.1.20 configured -- resuming normal operations
[Wed Dec 11 08:29:41.679644 2019] [core:notice] [pid 8] AH00094: Command line: '/usr/sbin/apache2 -D FOREGROUND'
AH00558: apache2: Could not reliably determine the server's fully qualified domain name, using 172.18.0.2. Set the 'ServerName' directive globally to suppress this message
[Wed Dec 11 19:36:49.055670 2019] [mpm_prefork:notice] [pid 7] AH00163: Apache/2.4.25 (Debian) PHP/7.1.20 configured -- resuming normal operations
[Wed Dec 11 19:36:49.056676 2019] [core:notice] [pid 7] AH00094: Command line: '/usr/sbin/apache2 -D FOREGROUND'
AH00558: apache2: Could not reliably determine the server's fully qualified domain name, using 172.18.0.3. Set the 'ServerName' directive globally to suppress this message
[Thu Dec 12 08:33:15.702189 2019] [mpm_prefork:notice] [pid 7] AH00163: Apache/2.4.25 (Debian) PHP/7.1.20 configured -- resuming normal operations
[Thu Dec 12 08:33:15.703899 2019] [core:notice] [pid 7] AH00094: Command line: '/usr/sbin/apache2 -D FOREGROUND'
AH00558: apache2: Could not reliably determine the server's fully qualified domain name, using 172.18.0.3. Set the 'ServerName' directive globally to suppress this message
[Thu Dec 12 18:07:31.050628 2019] [mpm_prefork:notice] [pid 7] AH00163: Apache/2.4.25 (Debian) PHP/7.1.20 configured -- resuming normal operations
[Thu Dec 12 18:07:31.052319 2019] [core:notice] [pid 7] AH00094: Command line: '/usr/sbin/apache2 -D FOREGROUND'
AH00558: apache2: Could not reliably determine the server's fully qualified domain name, using 172.18.0.3. Set the 'ServerName' directive globally to suppress this message
[Fri Dec 13 08:27:45.080797 2019] [mpm_prefork:notice] [pid 7] AH00163: Apache/2.4.25 (Debian) PHP/7.1.20 configured -- resuming normal operations
[Fri Dec 13 08:27:45.081878 2019] [core:notice] [pid 7] AH00094: Command line: '/usr/sbin/apache2 -D FOREGROUND'
AH00558: apache2: Could not reliably determine the server's fully qualified domain name, using 172.18.0.2. Set the 'ServerName' directive globally to suppress this message
[Fri Dec 13 17:46:47.656606 2019] [mpm_prefork:notice] [pid 7] AH00163: Apache/2.4.25 (Debian) PHP/7.1.20 configured -- resuming normal operations
[Fri Dec 13 17:46:47.657690 2019] [core:notice] [pid 7] AH00094: Command line: '/usr/sbin/apache2 -D FOREGROUND'
AH00558: apache2: Could not reliably determine the server's fully qualified domain name, using 172.18.0.3. Set the 'ServerName' directive globally to suppress this message
[Fri Dec 13 20:26:14.101054 2019] [mpm_prefork:notice] [pid 8] AH00163: Apache/2.4.25 (Debian) PHP/7.1.20 configured -- resuming normal operations
[Fri Dec 13 20:26:14.104309 2019] [core:notice] [pid 8] AH00094: Command line: '/usr/sbin/apache2 -D FOREGROUND'
AH00558: apache2: Could not reliably determine the server's fully qualified domain name, using 172.18.0.3. Set the 'ServerName' directive globally to suppress this message
[Sun Dec 15 19:40:39.006199 2019] [mpm_prefork:notice] [pid 7] AH00163: Apache/2.4.25 (Debian) PHP/7.1.20 configured -- resuming normal operations
[Sun Dec 15 19:40:39.007091 2019] [core:notice] [pid 7] AH00094: Command line: '/usr/sbin/apache2 -D FOREGROUND'
AH00558: apache2: Could not reliably determine the server's fully qualified domain name, using 172.18.0.3. Set the 'ServerName' directive globally to suppress this message
[Mon Dec 16 18:58:53.230084 2019] [mpm_prefork:notice] [pid 7] AH00163: Apache/2.4.25 (Debian) PHP/7.1.20 configured -- resuming normal operations
[Mon Dec 16 18:58:53.231077 2019] [core:notice] [pid 7] AH00094: Command line: '/usr/sbin/apache2 -D FOREGROUND'
AH00558: apache2: Could not reliably determine the server's fully qualified domain name, using 172.18.0.3. Set the 'ServerName' directive globally to suppress this message
[Mon Dec 16 20:30:22.997953 2019] [mpm_prefork:notice] [pid 7] AH00163: Apache/2.4.25 (Debian) PHP/7.1.20 configured -- resuming normal operations
[Mon Dec 16 20:30:22.998979 2019] [core:notice] [pid 7] AH00094: Command line: '/usr/sbin/apache2 -D FOREGROUND'
AH00558: apache2: Could not reliably determine the server's fully qualified domain name, using 172.18.0.3. Set the 'ServerName' directive globally to suppress this message
[Thu Dec 19 22:05:30.377726 2019] [mpm_prefork:notice] [pid 8] AH00163: Apache/2.4.25 (Debian) PHP/7.1.20 configured -- resuming normal operations
[Thu Dec 19 22:05:30.378745 2019] [core:notice] [pid 8] AH00094: Command line: '/usr/sbin/apache2 -D FOREGROUND'
AH00558: apache2: Could not reliably determine the server's fully qualified domain name, using 172.18.0.2. Set the 'ServerName' directive globally to suppress this message
[Sun Dec 22 13:23:26.482053 2019] [mpm_prefork:notice] [pid 8] AH00163: Apache/2.4.25 (Debian) PHP/7.1.20 configured -- resuming normal operations
[Sun Dec 22 13:23:26.484055 2019] [core:notice] [pid 8] AH00094: Command line: '/usr/sbin/apache2 -D FOREGROUND'
AH00558: apache2: Could not reliably determine the server's fully qualified domain name, using 172.18.0.3. Set the 'ServerName' directive globally to suppress this message
[Mon Dec 23 08:48:11.357644 2019] [mpm_prefork:notice] [pid 7] AH00163: Apache/2.4.25 (Debian) PHP/7.1.20 configured -- resuming normal operations
[Mon Dec 23 08:48:11.358735 2019] [core:notice] [pid 7] AH00094: Command line: '/usr/sbin/apache2 -D FOREGROUND'
AH00558: apache2: Could not reliably determine the server's fully qualified domain name, using 172.18.0.2. Set the 'ServerName' directive globally to suppress this message
[Mon Dec 23 23:22:58.188906 2019] [mpm_prefork:notice] [pid 7] AH00163: Apache/2.4.25 (Debian) PHP/7.1.20 configured -- resuming normal operations
[Mon Dec 23 23:22:58.189835 2019] [core:notice] [pid 7] AH00094: Command line: '/usr/sbin/apache2 -D FOREGROUND'
AH00558: apache2: Could not reliably determine the server's fully qualified domain name, using 172.18.0.3. Set the 'ServerName' directive globally to suppress this message
[Tue Dec 24 07:55:11.755067 2019] [mpm_prefork:notice] [pid 7] AH00163: Apache/2.4.25 (Debian) PHP/7.1.20 configured -- resuming normal operations
[Tue Dec 24 07:55:11.756040 2019] [core:notice] [pid 7] AH00094: Command line: '/usr/sbin/apache2 -D FOREGROUND'
AH00558: apache2: Could not reliably determine the server's fully qualified domain name, using 172.18.0.3. Set the 'ServerName' directive globally to suppress this message
[Wed Dec 25 13:07:00.507147 2019] [mpm_prefork:notice] [pid 7] AH00163: Apache/2.4.25 (Debian) PHP/7.1.20 configured -- resuming normal operations
[Wed Dec 25 13:07:00.508186 2019] [core:notice] [pid 7] AH00094: Command line: '/usr/sbin/apache2 -D FOREGROUND'
AH00558: apache2: Could not reliably determine the server's fully qualified domain name, using 172.18.0.2. Set the 'ServerName' directive globally to suppress this message
[Thu Dec 26 08:39:22.865974 2019] [core:warn] [pid 7] AH00098: pid file /var/run/apache2/apache2.pid overwritten -- Unclean shutdown of previous Apache run?
[Thu Dec 26 08:39:22.870013 2019] [mpm_prefork:notice] [pid 7] AH00163: Apache/2.4.25 (Debian) PHP/7.1.20 configured -- resuming normal operations
[Thu Dec 26 08:39:22.870581 2019] [core:notice] [pid 7] AH00094: Command line: '/usr/sbin/apache2 -D FOREGROUND'
AH00558: apache2: Could not reliably determine the server's fully qualified domain name, using 172.18.0.2. Set the 'ServerName' directive globally to suppress this message
[Thu Dec 26 18:07:42.768803 2019] [mpm_prefork:notice] [pid 8] AH00163: Apache/2.4.25 (Debian) PHP/7.1.20 configured -- resuming normal operations
[Thu Dec 26 18:07:42.769790 2019] [core:notice] [pid 8] AH00094: Command line: '/usr/sbin/apache2 -D FOREGROUND'
AH00558: apache2: Could not reliably determine the server's fully qualified domain name, using 172.18.0.3. Set the 'ServerName' directive globally to suppress this message
[Fri Dec 27 08:45:08.506680 2019] [mpm_prefork:notice] [pid 7] AH00163: Apache/2.4.25 (Debian) PHP/7.1.20 configured -- resuming normal operations
[Fri Dec 27 08:45:08.507872 2019] [core:notice] [pid 7] AH00094: Command line: '/usr/sbin/apache2 -D FOREGROUND'
AH00558: apache2: Could not reliably determine the server's fully qualified domain name, using 172.18.0.2. Set the 'ServerName' directive globally to suppress this message
[Tue Dec 31 08:32:38.837413 2019] [mpm_prefork:notice] [pid 8] AH00163: Apache/2.4.25 (Debian) PHP/7.1.20 configured -- resuming normal operations
[Tue Dec 31 08:32:38.838376 2019] [core:notice] [pid 8] AH00094: Command line: '/usr/sbin/apache2 -D FOREGROUND'
AH00558: apache2: Could not reliably determine the server's fully qualified domain name, using 172.18.0.3. Set the 'ServerName' directive globally to suppress this message
[Wed Jan 01 12:47:45.279727 2020] [mpm_prefork:notice] [pid 7] AH00163: Apache/2.4.25 (Debian) PHP/7.1.20 configured -- resuming normal operations
[Wed Jan 01 12:47:45.280632 2020] [core:notice] [pid 7] AH00094: Command line: '/usr/sbin/apache2 -D FOREGROUND'
AH00558: apache2: Could not reliably determine the server's fully qualified domain name, using 172.18.0.2. Set the 'ServerName' directive globally to suppress this message
[Fri Jan 03 08:30:46.943029 2020] [core:warn] [pid 7] AH00098: pid file /var/run/apache2/apache2.pid overwritten -- Unclean shutdown of previous Apache run?
[Fri Jan 03 08:30:46.946345 2020] [mpm_prefork:notice] [pid 7] AH00163: Apache/2.4.25 (Debian) PHP/7.1.20 configured -- resuming normal operations
[Fri Jan 03 08:30:46.946669 2020] [core:notice] [pid 7] AH00094: Command line: '/usr/sbin/apache2 -D FOREGROUND'
AH00558: apache2: Could not reliably determine the server's fully qualified domain name, using 172.18.0.3. Set the 'ServerName' directive globally to suppress this message
[Sun Jan 05 12:03:18.149550 2020] [mpm_prefork:notice] [pid 7] AH00163: Apache/2.4.25 (Debian) PHP/7.1.20 configured -- resuming normal operations
[Sun Jan 05 12:03:18.150648 2020] [core:notice] [pid 7] AH00094: Command line: '/usr/sbin/apache2 -D FOREGROUND'
AH00558: apache2: Could not reliably determine the server's fully qualified domain name, using 172.18.0.3. Set the 'ServerName' directive globally to suppress this message
[Thu Jan 09 08:33:15.077446 2020] [mpm_prefork:notice] [pid 7] AH00163: Apache/2.4.25 (Debian) PHP/7.1.20 configured -- resuming normal operations
[Thu Jan 09 08:33:15.078368 2020] [core:notice] [pid 7] AH00094: Command line: '/usr/sbin/apache2 -D FOREGROUND'
AH00558: apache2: Could not reliably determine the server's fully qualified domain name, using 172.18.0.2. Set the 'ServerName' directive globally to suppress this message
[Thu Jan 09 17:44:58.153662 2020] [mpm_prefork:notice] [pid 7] AH00163: Apache/2.4.25 (Debian) PHP/7.1.20 configured -- resuming normal operations
[Thu Jan 09 17:44:58.155021 2020] [core:notice] [pid 7] AH00094: Command line: '/usr/sbin/apache2 -D FOREGROUND'
AH00558: apache2: Could not reliably determine the server's fully qualified domain name, using 172.18.0.2. Set the 'ServerName' directive globally to suppress this message
[Thu Jan 09 18:02:50.245229 2020] [mpm_prefork:notice] [pid 8] AH00163: Apache/2.4.25 (Debian) PHP/7.1.20 configured -- resuming normal operations
[Thu Jan 09 18:02:50.246516 2020] [core:notice] [pid 8] AH00094: Command line: '/usr/sbin/apache2 -D FOREGROUND'
AH00558: apache2: Could not reliably determine the server's fully qualified domain name, using 172.18.0.2. Set the 'ServerName' directive globally to suppress this message
[Thu Jan 09 20:05:43.195690 2020] [mpm_prefork:notice] [pid 8] AH00163: Apache/2.4.25 (Debian) PHP/7.1.20 configured -- resuming normal operations
[Thu Jan 09 20:05:43.196796 2020] [core:notice] [pid 8] AH00094: Command line: '/usr/sbin/apache2 -D FOREGROUND'
AH00558: apache2: Could not reliably determine the server's fully qualified domain name, using 172.18.0.3. Set the 'ServerName' directive globally to suppress this message
[Fri Jan 10 08:16:02.686481 2020] [mpm_prefork:notice] [pid 7] AH00163: Apache/2.4.25 (Debian) PHP/7.1.20 configured -- resuming normal operations
[Fri Jan 10 08:16:02.687503 2020] [core:notice] [pid 7] AH00094: Command line: '/usr/sbin/apache2 -D FOREGROUND'
AH00558: apache2: Could not reliably determine the server's fully qualified domain name, using 172.18.0.2. Set the 'ServerName' directive globally to suppress this message
[Sun Jan 12 19:46:18.059781 2020] [mpm_prefork:notice] [pid 9] AH00163: Apache/2.4.25 (Debian) PHP/7.1.20 configured -- resuming normal operations
[Sun Jan 12 19:46:18.061105 2020] [core:notice] [pid 9] AH00094: Command line: '/usr/sbin/apache2 -D FOREGROUND'
AH00558: apache2: Could not reliably determine the server's fully qualified domain name, using 172.18.0.2. Set the 'ServerName' directive globally to suppress this message
[Sun Jan 12 22:24:55.990179 2020] [mpm_prefork:notice] [pid 7] AH00163: Apache/2.4.25 (Debian) PHP/7.1.20 configured -- resuming normal operations
[Sun Jan 12 22:24:55.991266 2020] [core:notice] [pid 7] AH00094: Command line: '/usr/sbin/apache2 -D FOREGROUND'
AH00558: apache2: Could not reliably determine the server's fully qualified domain name, using 172.18.0.3. Set the 'ServerName' directive globally to suppress this message
[Mon Jan 13 19:06:09.508470 2020] [mpm_prefork:notice] [pid 7] AH00163: Apache/2.4.25 (Debian) PHP/7.1.20 configured -- resuming normal operations
[Mon Jan 13 19:06:09.509640 2020] [core:notice] [pid 7] AH00094: Command line: '/usr/sbin/apache2 -D FOREGROUND'
AH00558: apache2: Could not reliably determine the server's fully qualified domain name, using 172.18.0.2. Set the 'ServerName' directive globally to suppress this message
[Mon Jan 13 20:28:20.337563 2020] [mpm_prefork:notice] [pid 8] AH00163: Apache/2.4.25 (Debian) PHP/7.1.20 configured -- resuming normal operations
[Mon Jan 13 20:28:20.338458 2020] [core:notice] [pid 8] AH00094: Command line: '/usr/sbin/apache2 -D FOREGROUND'
AH00558: apache2: Could not reliably determine the server's fully qualified domain name, using 172.18.0.3. Set the 'ServerName' directive globally to suppress this message
[Tue Jan 14 19:24:25.902525 2020] [mpm_prefork:notice] [pid 7] AH00163: Apache/2.4.25 (Debian) PHP/7.1.20 configured -- resuming normal operations
[Tue Jan 14 19:24:25.903514 2020] [core:notice] [pid 7] AH00094: Command line: '/usr/sbin/apache2 -D FOREGROUND'
AH00558: apache2: Could not reliably determine the server's fully qualified domain name, using 172.18.0.2. Set the 'ServerName' directive globally to suppress this message
[Wed Jan 15 19:17:50.321366 2020] [mpm_prefork:notice] [pid 8] AH00163: Apache/2.4.25 (Debian) PHP/7.1.20 configured -- resuming normal operations
[Wed Jan 15 19:17:50.322504 2020] [core:notice] [pid 8] AH00094: Command line: '/usr/sbin/apache2 -D FOREGROUND'
AH00558: apache2: Could not reliably determine the server's fully qualified domain name, using 172.18.0.3. Set the 'ServerName' directive globally to suppress this message
[Wed Jan 15 19:25:12.996698 2020] [mpm_prefork:notice] [pid 7] AH00163: Apache/2.4.25 (Debian) PHP/7.1.20 configured -- resuming normal operations
[Wed Jan 15 19:25:12.997563 2020] [core:notice] [pid 7] AH00094: Command line: '/usr/sbin/apache2 -D FOREGROUND'
AH00558: apache2: Could not reliably determine the server's fully qualified domain name, using 172.18.0.2. Set the 'ServerName' directive globally to suppress this message
[Wed Jan 15 20:07:33.917455 2020] [mpm_prefork:notice] [pid 7] AH00163: Apache/2.4.25 (Debian) PHP/7.1.20 configured -- resuming normal operations
[Wed Jan 15 20:07:33.918321 2020] [core:notice] [pid 7] AH00094: Command line: '/usr/sbin/apache2 -D FOREGROUND'
AH00558: apache2: Could not reliably determine the server's fully qualified domain name, using 172.18.0.3. Set the 'ServerName' directive globally to suppress this message
[Fri Jan 17 20:59:53.539315 2020] [mpm_prefork:notice] [pid 8] AH00163: Apache/2.4.25 (Debian) PHP/7.1.20 configured -- resuming normal operations
[Fri Jan 17 20:59:53.540303 2020] [core:notice] [pid 8] AH00094: Command line: '/usr/sbin/apache2 -D FOREGROUND'
AH00558: apache2: Could not reliably determine the server's fully qualified domain name, using 172.18.0.3. Set the 'ServerName' directive globally to suppress this message
[Sun Jan 19 12:30:48.717096 2020] [mpm_prefork:notice] [pid 7] AH00163: Apache/2.4.25 (Debian) PHP/7.1.20 configured -- resuming normal operations
[Sun Jan 19 12:30:48.717815 2020] [core:notice] [pid 7] AH00094: Command line: '/usr/sbin/apache2 -D FOREGROUND'
AH00558: apache2: Could not reliably determine the server's fully qualified domain name, using 172.18.0.3. Set the 'ServerName' directive globally to suppress this message
[Fri Jan 24 08:22:54.625614 2020] [mpm_prefork:notice] [pid 7] AH00163: Apache/2.4.25 (Debian) PHP/7.1.20 configured -- resuming normal operations
[Fri Jan 24 08:22:54.626772 2020] [core:notice] [pid 7] AH00094: Command line: '/usr/sbin/apache2 -D FOREGROUND'
AH00558: apache2: Could not reliably determine the server's fully qualified domain name, using 172.18.0.3. Set the 'ServerName' directive globally to suppress this message
[Sat Jan 25 13:06:20.507277 2020] [core:warn] [pid 8] AH00098: pid file /var/run/apache2/apache2.pid overwritten -- Unclean shutdown of previous Apache run?
[Sat Jan 25 13:06:20.510904 2020] [mpm_prefork:notice] [pid 8] AH00163: Apache/2.4.25 (Debian) PHP/7.1.20 configured -- resuming normal operations
[Sat Jan 25 13:06:20.511751 2020] [core:notice] [pid 8] AH00094: Command line: '/usr/sbin/apache2 -D FOREGROUND'
AH00558: apache2: Could not reliably determine the server's fully qualified domain name, using 172.18.0.2. Set the 'ServerName' directive globally to suppress this message
[Sat Jan 25 13:42:13.691512 2020] [core:warn] [pid 7] AH00098: pid file /var/run/apache2/apache2.pid overwritten -- Unclean shutdown of previous Apache run?
[Sat Jan 25 13:42:13.695389 2020] [mpm_prefork:notice] [pid 7] AH00163: Apache/2.4.25 (Debian) PHP/7.1.20 configured -- resuming normal operations
[Sat Jan 25 13:42:13.695724 2020] [core:notice] [pid 7] AH00094: Command line: '/usr/sbin/apache2 -D FOREGROUND'
AH00558: apache2: Could not reliably determine the server's fully qualified domain name, using 172.18.0.3. Set the 'ServerName' directive globally to suppress this message
[Wed Feb 05 21:04:12.451060 2020] [mpm_prefork:notice] [pid 7] AH00163: Apache/2.4.25 (Debian) PHP/7.1.20 configured -- resuming normal operations
[Wed Feb 05 21:04:12.452288 2020] [core:notice] [pid 7] AH00094: Command line: '/usr/sbin/apache2 -D FOREGROUND'
AH00558: apache2: Could not reliably determine the server's fully qualified domain name, using 172.18.0.3. Set the 'ServerName' directive globally to suppress this message
[Thu Feb 06 18:59:13.971878 2020] [mpm_prefork:notice] [pid 8] AH00163: Apache/2.4.25 (Debian) PHP/7.1.20 configured -- resuming normal operations
[Thu Feb 06 18:59:13.973024 2020] [core:notice] [pid 8] AH00094: Command line: '/usr/sbin/apache2 -D FOREGROUND'
AH00558: apache2: Could not reliably determine the server's fully qualified domain name, using 172.18.0.2. Set the 'ServerName' directive globally to suppress this message
[Fri Feb 07 17:27:41.851864 2020] [mpm_prefork:notice] [pid 7] AH00163: Apache/2.4.25 (Debian) PHP/7.1.20 configured -- resuming normal operations
[Fri Feb 07 17:27:41.852633 2020] [core:notice] [pid 7] AH00094: Command line: '/usr/sbin/apache2 -D FOREGROUND'
AH00558: apache2: Could not reliably determine the server's fully qualified domain name, using 172.18.0.2. Set the 'ServerName' directive globally to suppress this message
[Mon Feb 10 08:26:13.236051 2020] [mpm_prefork:notice] [pid 9] AH00163: Apache/2.4.25 (Debian) PHP/7.1.20 configured -- resuming normal operations
[Mon Feb 10 08:26:13.237101 2020] [core:notice] [pid 9] AH00094: Command line: '/usr/sbin/apache2 -D FOREGROUND'
AH00558: apache2: Could not reliably determine the server's fully qualified domain name, using 172.18.0.3. Set the 'ServerName' directive globally to suppress this message
[Tue Feb 11 19:28:51.306207 2020] [mpm_prefork:notice] [pid 8] AH00163: Apache/2.4.25 (Debian) PHP/7.1.20 configured -- resuming normal operations
[Tue Feb 11 19:28:51.307485 2020] [core:notice] [pid 8] AH00094: Command line: '/usr/sbin/apache2 -D FOREGROUND'
AH00558: apache2: Could not reliably determine the server's fully qualified domain name, using 172.18.0.2. Set the 'ServerName' directive globally to suppress this message
[Sat Feb 15 12:33:36.963578 2020] [mpm_prefork:notice] [pid 7] AH00163: Apache/2.4.25 (Debian) PHP/7.1.20 configured -- resuming normal operations
[Sat Feb 15 12:33:36.964590 2020] [core:notice] [pid 7] AH00094: Command line: '/usr/sbin/apache2 -D FOREGROUND'
AH00558: apache2: Could not reliably determine the server's fully qualified domain name, using 172.18.0.3. Set the 'ServerName' directive globally to suppress this message
[Sat Feb 15 12:46:10.373277 2020] [mpm_prefork:notice] [pid 7] AH00163: Apache/2.4.25 (Debian) PHP/7.1.20 configured -- resuming normal operations
[Sat Feb 15 12:46:10.374506 2020] [core:notice] [pid 7] AH00094: Command line: '/usr/sbin/apache2 -D FOREGROUND'
AH00558: apache2: Could not reliably determine the server's fully qualified domain name, using 172.18.0.2. Set the 'ServerName' directive globally to suppress this message
[Sat Feb 15 16:24:14.510562 2020] [mpm_prefork:notice] [pid 7] AH00163: Apache/2.4.25 (Debian) PHP/7.1.20 configured -- resuming normal operations
[Sat Feb 15 16:24:14.511532 2020] [core:notice] [pid 7] AH00094: Command line: '/usr/sbin/apache2 -D FOREGROUND'
AH00558: apache2: Could not reliably determine the server's fully qualified domain name, using 172.18.0.3. Set the 'ServerName' directive globally to suppress this message
[Fri Feb 21 09:47:27.362862 2020] [mpm_prefork:notice] [pid 8] AH00163: Apache/2.4.25 (Debian) PHP/7.1.20 configured -- resuming normal operations
[Fri Feb 21 09:47:27.364055 2020] [core:notice] [pid 8] AH00094: Command line: '/usr/sbin/apache2 -D FOREGROUND'
AH00558: apache2: Could not reliably determine the server's fully qualified domain name, using 172.18.0.3. Set the 'ServerName' directive globally to suppress this message
[Sat Feb 22 11:26:34.799490 2020] [mpm_prefork:notice] [pid 7] AH00163: Apache/2.4.25 (Debian) PHP/7.1.20 configured -- resuming normal operations
[Sat Feb 22 11:26:34.800571 2020] [core:notice] [pid 7] AH00094: Command line: '/usr/sbin/apache2 -D FOREGROUND'
AH00558: apache2: Could not reliably determine the server's fully qualified domain name, using 172.18.0.3. Set the 'ServerName' directive globally to suppress this message
[Sun Feb 23 16:01:43.323141 2020] [mpm_prefork:notice] [pid 8] AH00163: Apache/2.4.25 (Debian) PHP/7.1.20 configured -- resuming normal operations
[Sun Feb 23 16:01:43.323762 2020] [core:notice] [pid 8] AH00094: Command line: '/usr/sbin/apache2 -D FOREGROUND'
AH00558: apache2: Could not reliably determine the server's fully qualified domain name, using 172.18.0.6. Set the 'ServerName' directive globally to suppress this message
[Sun Feb 23 16:41:21.958642 2020] [mpm_prefork:notice] [pid 7] AH00163: Apache/2.4.25 (Debian) PHP/7.1.20 configured -- resuming normal operations
[Sun Feb 23 16:41:21.959157 2020] [core:notice] [pid 7] AH00094: Command line: '/usr/sbin/apache2 -D FOREGROUND'
AH00558: apache2: Could not reliably determine the server's fully qualified domain name, using 172.19.0.5. Set the 'ServerName' directive globally to suppress this message
[Sun Feb 23 16:52:48.514356 2020] [mpm_prefork:notice] [pid 7] AH00163: Apache/2.4.25 (Debian) PHP/7.1.20 configured -- resuming normal operations
[Sun Feb 23 16:52:48.514803 2020] [core:notice] [pid 7] AH00094: Command line: '/usr/sbin/apache2 -D FOREGROUND'
AH00558: apache2: Could not reliably determine the server's fully qualified domain name, using 172.19.0.5. Set the 'ServerName' directive globally to suppress this message
[Sun Feb 23 17:03:09.792593 2020] [mpm_prefork:notice] [pid 7] AH00163: Apache/2.4.25 (Debian) PHP/7.1.20 configured -- resuming normal operations
[Sun Feb 23 17:03:09.793260 2020] [core:notice] [pid 7] AH00094: Command line: '/usr/sbin/apache2 -D FOREGROUND'
AH00558: apache2: Could not reliably determine the server's fully qualified domain name, using 172.20.0.4. Set the 'ServerName' directive globally to suppress this message
[Sun Feb 23 17:37:44.153385 2020] [mpm_prefork:notice] [pid 9] AH00163: Apache/2.4.25 (Debian) PHP/7.1.20 configured -- resuming normal operations
[Sun Feb 23 17:37:44.153850 2020] [core:notice] [pid 9] AH00094: Command line: '/usr/sbin/apache2 -D FOREGROUND'
AH00558: apache2: Could not reliably determine the server's fully qualified domain name, using 172.21.0.6. Set the 'ServerName' directive globally to suppress this message
[Sun Feb 23 22:16:41.063487 2020] [mpm_prefork:notice] [pid 8] AH00163: Apache/2.4.25 (Debian) PHP/7.1.20 configured -- resuming normal operations
[Sun Feb 23 22:16:41.064029 2020] [core:notice] [pid 8] AH00094: Command line: '/usr/sbin/apache2 -D FOREGROUND'
AH00558: apache2: Could not reliably determine the server's fully qualified domain name, using 172.21.0.3. Set the 'ServerName' directive globally to suppress this message
[Mon Feb 24 09:53:20.986825 2020] [mpm_prefork:notice] [pid 8] AH00163: Apache/2.4.25 (Debian) PHP/7.1.20 configured -- resuming normal operations
[Mon Feb 24 09:53:20.992704 2020] [core:notice] [pid 8] AH00094: Command line: '/usr/sbin/apache2 -D FOREGROUND'
AH00558: apache2: Could not reliably determine the server's fully qualified domain name, using 172.21.0.2. Set the 'ServerName' directive globally to suppress this message
[Sat Feb 29 10:41:56.989124 2020] [mpm_prefork:notice] [pid 8] AH00163: Apache/2.4.25 (Debian) PHP/7.1.20 configured -- resuming normal operations
[Sat Feb 29 10:41:56.990112 2020] [core:notice] [pid 8] AH00094: Command line: '/usr/sbin/apache2 -D FOREGROUND'
AH00558: apache2: Could not reliably determine the server's fully qualified domain name, using 172.21.0.2. Set the 'ServerName' directive globally to suppress this message
[Sat Feb 29 18:26:20.670439 2020] [mpm_prefork:notice] [pid 8] AH00163: Apache/2.4.25 (Debian) PHP/7.1.20 configured -- resuming normal operations
[Sat Feb 29 18:26:20.671582 2020] [core:notice] [pid 8] AH00094: Command line: '/usr/sbin/apache2 -D FOREGROUND'
AH00558: apache2: Could not reliably determine the server's fully qualified domain name, using 172.21.0.2. Set the 'ServerName' directive globally to suppress this message
[Sun Mar 01 11:07:10.776733 2020] [mpm_prefork:notice] [pid 7] AH00163: Apache/2.4.25 (Debian) PHP/7.1.20 configured -- resuming normal operations
[Sun Mar 01 11:07:10.778050 2020] [core:notice] [pid 7] AH00094: Command line: '/usr/sbin/apache2 -D FOREGROUND'
AH00558: apache2: Could not reliably determine the server's fully qualified domain name, using 172.21.0.2. Set the 'ServerName' directive globally to suppress this message
[Sun Mar 01 11:17:36.738576 2020] [mpm_prefork:notice] [pid 7] AH00163: Apache/2.4.25 (Debian) PHP/7.1.20 configured -- resuming normal operations
[Sun Mar 01 11:17:36.739632 2020] [core:notice] [pid 7] AH00094: Command line: '/usr/sbin/apache2 -D FOREGROUND'
AH00558: apache2: Could not reliably determine the server's fully qualified domain name, using 172.21.0.2. Set the 'ServerName' directive globally to suppress this message
[Sun Mar 01 11:46:04.496891 2020] [mpm_prefork:notice] [pid 7] AH00163: Apache/2.4.25 (Debian) PHP/7.1.20 configured -- resuming normal operations
[Sun Mar 01 11:46:04.498132 2020] [core:notice] [pid 7] AH00094: Command line: '/usr/sbin/apache2 -D FOREGROUND'
AH00558: apache2: Could not reliably determine the server's fully qualified domain name, using 172.21.0.2. Set the 'ServerName' directive globally to suppress this message
[Tue Mar 03 10:00:53.861155 2020] [mpm_prefork:notice] [pid 8] AH00163: Apache/2.4.25 (Debian) PHP/7.1.20 configured -- resuming normal operations
[Tue Mar 03 10:00:53.862059 2020] [core:notice] [pid 8] AH00094: Command line: '/usr/sbin/apache2 -D FOREGROUND'
AH00558: apache2: Could not reliably determine the server's fully qualified domain name, using 172.21.0.2. Set the 'ServerName' directive globally to suppress this message
[Wed Mar 04 09:36:42.144971 2020] [mpm_prefork:notice] [pid 7] AH00163: Apache/2.4.25 (Debian) PHP/7.1.20 configured -- resuming normal operations
[Wed Mar 04 09:36:42.146094 2020] [core:notice] [pid 7] AH00094: Command line: '/usr/sbin/apache2 -D FOREGROUND'
